SEARCH ENGINE: ['Tpb', 'Snowfl'], NAME: akudama drive,COUNT: 20
Starting new HTTPS connection (1): tpb.party:443
https://tpb.party:443 "GET / HTTP/1.1" 200 None
https://tpb.party:443 "GET /search/akudama%20drive/1/99/0 HTTP/1.1" 200 None
<div class="detName"> <a class="detLink" href="https://tpb.party/torrent/36785043/Akudama_Drive_-_04_(v0)(720p)-Erai-raws[TGx]" title="Details for Akudama Drive - 04 (v0)(720p)-Erai-raws[TGx]">Akudama Drive - 04 (v0)(720p)-Erai-raws[TGx]</a>
</div>
<div class="detName"> <a class="detLink" href="https://tpb.party/torrent/36691089/Akudama_Drive_-_02_(v0)(720p)-Erai-raws[TGx]" title="Details for Akudama Drive - 02 (v0)(720p)-Erai-raws[TGx]">Akudama Drive - 02 (v0)(720p)-Erai-raws[TGx]</a>
</div>
<div class="detName"> <a class="detLink" href="https://tpb.party/torrent/36668655/Akudama_Drive_-_01_(v0)(720p)-Erai-raws[TGx]" title="Details for Akudama Drive - 01 (v0)(720p)-Erai-raws[TGx]">Akudama Drive - 01 (v0)(720p)-Erai-raws[TGx]</a>
</div>
<div class="detName"> <a class="detLink" href="https://tpb.party/torrent/36669348/Akudama_Drive_-_01_(720p)-Erai-raws[TGx]" title="Details for Akudama Drive - 01 (720p)-Erai-raws[TGx]">Akudama Drive - 01 (720p)-Erai-raws[TGx]</a>
</div>
<div class="detName"> <a class="detLink" href="https://tpb.party/torrent/36691090/Akudama_Drive_-_02_(v0)(540p)-Erai-raws[TGx]" title="Details for Akudama Drive - 02 (v0)(540p)-Erai-raws[TGx]">Akudama Drive - 02 (v0)(540p)-Erai-raws[TGx]</a>
</div>
<div class="detName"> <a class="detLink" href="https://tpb.party/torrent/36728937/Akudama_Drive_-_03_(v0)(720p)-Erai-raws[TGx]" title="Details for Akudama Drive - 03 (v0)(720p)-Erai-raws[TGx]">Akudama Drive - 03 (v0)(720p)-Erai-raws[TGx]</a>
</div>
<div class="detName"> <a class="detLink" href="https://tpb.party/torrent/36728934/Akudama_Drive_-_03_(v0)(540p)-Erai-raws[TGx]" title="Details for Akudama Drive - 03 (v0)(540p)-Erai-raws[TGx]">Akudama Drive - 03 (v0)(540p)-Erai-raws[TGx]</a>
</div>
<div class="detName"> <a class="detLink" href="https://tpb.party/torrent/36693391/Akudama_Drive_-_02_(720p)-Erai-raws[TGx]" title="Details for Akudama Drive - 02 (720p)-Erai-raws[TGx]">Akudama Drive - 02 (720p)-Erai-raws[TGx]</a>
</div>
<div class="detName"> <a class="detLink" href="https://tpb.party/torrent/36792023/Akudama_Drive_-_04_(720p)-Erai-raws[TGx]" title="Details for Akudama Drive - 04 (720p)-Erai-raws[TGx]">Akudama Drive - 04 (720p)-Erai-raws[TGx]</a>
</div>
<div class="detName"> <a class="detLink" href="https://tpb.party/torrent/36785044/Akudama_Drive_-_04_(v0)(1080p)-Erai-raws[TGx]" title="Details for Akudama Drive - 04 (v0)(1080p)-Erai-raws[TGx]">Akudama Drive - 04 (v0)(1080p)-Erai-raws[TGx]</a>
</div>
<div class="detName"> <a class="detLink" href="https://tpb.party/torrent/36693392/Akudama_Drive_-_02_(540p)-Erai-raws[TGx]" title="Details for Akudama Drive - 02 (540p)-Erai-raws[TGx]">Akudama Drive - 02 (540p)-Erai-raws[TGx]</a>
</div>
<div class="detName"> <a class="detLink" href="https://tpb.party/torrent/36785048/Akudama_Drive_-_04_(v0)(540p)-Erai-raws[TGx]" title="Details for Akudama Drive - 04 (v0)(540p)-Erai-raws[TGx]">Akudama Drive - 04 (v0)(540p)-Erai-raws[TGx]</a>
</div>
<div class="detName"> <a class="detLink" href="https://tpb.party/torrent/36669347/Akudama_Drive_-_01_(540p)-Erai-raws[TGx]" title="Details for Akudama Drive - 01 (540p)-Erai-raws[TGx]">Akudama Drive - 01 (540p)-Erai-raws[TGx]</a>
</div>
<div class="detName"> <a class="detLink" href="https://tpb.party/torrent/36737457/Akudama_Drive_-_03_(720p)-Erai-raws[TGx]" title="Details for Akudama Drive - 03 (720p)-Erai-raws[TGx]">Akudama Drive - 03 (720p)-Erai-raws[TGx]</a>
</div>
<div class="detName"> <a class="detLink" href="https://tpb.party/torrent/36668654/Akudama_Drive_-_01_(v0)(540p)-Erai-raws[TGx]" title="Details for Akudama Drive - 01 (v0)(540p)-Erai-raws[TGx]">Akudama Drive - 01 (v0)(540p)-Erai-raws[TGx]</a>
</div>
<div class="detName"> <a class="detLink" href="https://tpb.party/torrent/36792030/Akudama_Drive_-_04_(540p)-Erai-raws[TGx]" title="Details for Akudama Drive - 04 (540p)-Erai-raws[TGx]">Akudama Drive - 04 (540p)-Erai-raws[TGx]</a>
</div>
<div class="detName"> <a class="detLink" href="https://tpb.party/torrent/36792035/Akudama_Drive_-_04_(1080p)-Erai-raws[TGx]" title="Details for Akudama Drive - 04 (1080p)-Erai-raws[TGx]">Akudama Drive - 04 (1080p)-Erai-raws[TGx]</a>
</div>
<div class="detName"> <a class="detLink" href="https://tpb.party/torrent/36737458/Akudama_Drive_-_03_(540p)-Erai-raws[TGx]" title="Details for Akudama Drive - 03 (540p)-Erai-raws[TGx]">Akudama Drive - 03 (540p)-Erai-raws[TGx]</a>
</div>
Starting new HTTPS connection (1): snowfl.com:443
https://snowfl.com:443 "GET / HTTP/1.1" 520 None
https://snowfl.com:443 "GET /OIcObqNfqpHTDvLKWQDNRlzQPbtqRcoKhtlled/akudama%20drive/4H3KAhbf/0/NONE/NONE/1?_=1602628388020 HTTP/1.1" 520 None
<!DOCTYPE html>
<!--[if lt IE 7]> <html class="no-js ie6 oldie" lang="en-US"> <![endif]-->
<!--[if IE 7]>    <html class="no-js ie7 oldie" lang="en-US"> <![endif]-->
<!--[if IE 8]>    <html class="no-js ie8 oldie" lang="en-US"> <![endif]-->
<!--[if gt IE 8]><!--> <html class="no-js" lang="en-US"> <!--<![endif]-->
<head>


<title>snowfl.com | 520: Web server is returning an unknown error</title>
<meta charset="UTF-8" />
<meta http-equiv="Content-Type" content="text/html; charset=UTF-8" />
<meta http-equiv="X-UA-Compatible" content="IE=Edge,chrome=1" />
<meta name="robots" content="noindex, nofollow" />
<meta name="viewport" content="width=device-width,initial-scale=1" />
<link rel="stylesheet" id="cf_styles-css" href="/cdn-cgi/styles/main.css" type="text/css" media="screen,projection" />


</head>
<body>
<div id="cf-wrapper">

    

    <div id="cf-error-details" class="p-0">
        <header class="mx-auto pt-10 lg:pt-6 lg:px-8 w-240 lg:w-full mb-8">
            <h1 class="inline-block sm:block sm:mb-2 font-light text-60 lg:text-4xl text-black-dark leading-tight mr-2">
              
              <span class="cf-error-type">Error</span>
              <span class="cf-error-code">520</span>
            </h1>
            <span class="inline-block sm:block font-mono text-15 lg:text-sm lg:leading-relaxed">Ray ID: 606daddbc977ee0f &bull;</span>
            <span class="inline-block sm:block font-mono text-15 lg:text-sm lg:leading-relaxed">2020-12-24 22:15:07 UTC</span>
            <h2 class="text-gray-600 leading-1.3 text-3xl font-light">Web server is returning an unknown error</h2>
        </header>
        
        <div class="my-8 bg-gradient-gray">
            <div class="w-240 lg:w-full mx-auto">
                <div class="clearfix md:px-8">
                  
<div id="cf-browser-status" class=" relative w-1/3 md:w-full py-15 md:p-0 md:py-8 md:text-left md:border-solid md:border-0 md:border-b md:border-gray-400 overflow-hidden float-left md:float-none text-center">
  <div class="relative mb-10 md:m-0">
    <span class="cf-icon-browser block md:hidden h-20 bg-center bg-no-repeat"></span>
    <span class="cf-icon-ok w-12 h-12 absolute left-1/2 md:left-auto md:right-0 md:top-0 -ml-6 -bottom-4"></span>
  </div>
  <span class="md:block w-full truncate">You</span>
  <h3 class="md:inline-block mt-3 md:mt-0 text-2xl text-gray-600 font-light leading-1.3">Browser</h3>
  <span class="leading-1.3 text-2xl text-green-success">Working</span>
</div>

<div id="cf-cloudflare-status" class=" relative w-1/3 md:w-full py-15 md:p-0 md:py-8 md:text-left md:border-solid md:border-0 md:border-b md:border-gray-400 overflow-hidden float-left md:float-none text-center">
  <div class="relative mb-10 md:m-0">
    <span class="cf-icon-cloud block md:hidden h-20 bg-center bg-no-repeat"></span>
    <span class="cf-icon-ok w-12 h-12 absolute left-1/2 md:left-auto md:right-0 md:top-0 -ml-6 -bottom-4"></span>
  </div>
  <span class="md:block w-full truncate">Paris</span>
  <h3 class="md:inline-block mt-3 md:mt-0 text-2xl text-gray-600 font-light leading-1.3">Cloudflare</h3>
  <span class="leading-1.3 text-2xl text-green-success">Working</span>
</div>

<div id="cf-host-status" class="cf-error-source relative w-1/3 md:w-full py-15 md:p-0 md:py-8 md:text-left md:border-solid md:border-0 md:border-b md:border-gray-400 overflow-hidden float-left md:float-none text-center">
  <div class="relative mb-10 md:m-0">
    <span class="cf-icon-server block md:hidden h-20 bg-center bg-no-repeat"></span>
    <span class="cf-icon-error w-12 h-12 absolute left-1/2 md:left-auto md:right-0 md:top-0 -ml-6 -bottom-4"></span>
  </div>
  <span class="md:block w-full truncate">snowfl.com</span>
  <h3 class="md:inline-block mt-3 md:mt-0 text-2xl text-gray-600 font-light leading-1.3">Host</h3>
  <span class="leading-1.3 text-2xl text-red-error">Error</span>
</div>

                </div>
              
            </div>
        </div>

        <div class="w-240 lg:w-full mx-auto mb-8 lg:px-8">
            <div class="clearfix">
                <div class="w-1/2 md:w-full float-left pr-6 md:pb-10 md:pr-0 leading-relaxed">
                    <h2 class="text-3xl font-normal leading-1.3 mb-4">What happened?</h2>
                    <p>There is an unknown connection issue between Cloudflare and the origin web server. As a result, the web page can not be displayed.</p>
                </div>
              
                <div class="w-1/2 md:w-full float-left leading-relaxed">
                    <h2 class="text-3xl font-normal leading-1.3 mb-4">What can I do?</h2>
                          <h3 class="text-15 font-semibold mb-2">If you are a visitor of this website:</h3>
      <p class="mb-6">Please try again in a few minutes.</p>

      <h3 class="text-15 font-semibold mb-2">If you are the owner of this website:</h3>
      <p><span>There is an issue between Cloudflare's cache and your origin web server. Cloudflare monitors for these errors and automatically investigates the cause. To help support the investigation, you can pull the corresponding error log from your web server and submit it our support team.  Please include the Ray ID (which is at the bottom of this error page).</span> <a rel="noopener noreferrer" href="https://support.cloudflare.com/hc/en-us/articles/200171936-Error-520">Additional troubleshooting resources</a>.</p>
                </div>
            </div>
              
        </div>

        <div class="cf-error-footer cf-wrapper w-240 lg:w-full py-10 sm:py-4 sm:px-8 mx-auto text-center sm:text-left border-solid border-0 border-t border-gray-300">
  <p class="text-13">
    <span class="cf-footer-item sm:block sm:mb-1">Cloudflare Ray ID: <strong class="font-semibold">606daddbc977ee0f</strong></span>
    <span class="cf-footer-separator sm:hidden">&bull;</span>
    <span class="cf-footer-item sm:block sm:mb-1"><span>Your IP</span>: 95.233.248.99</span>
    <span class="cf-footer-separator sm:hidden">&bull;</span>
    <span class="cf-footer-item sm:block sm:mb-1"><span>Performance &amp; security by</span> <a rel="noopener noreferrer" href="https://www.cloudflare.com/5xx-error-landing" id="brand_link" target="_blank">Cloudflare</a></span>
    
  </p>
</div><!-- /.error-footer -->


    </div>
</div>
</body>
</html>


SEARCH ENGINE: ['Tpb'], NAME: akudame drive,COUNT: 20
Starting new HTTPS connection (1): tpb.party:443
https://tpb.party:443 "GET / HTTP/1.1" 200 None
https://tpb.party:443 "GET /search/akudame%20drive/1/99/0 HTTP/1.1" 200 None
SEARCH ENGINE: ['Tpb'], NAME: akudama drive,COUNT: 20
Starting new HTTPS connection (1): tpb.party:443
https://tpb.party:443 "GET / HTTP/1.1" 200 None
https://tpb.party:443 "GET /search/akudama%20drive/1/99/0 HTTP/1.1" 200 None
<div class="detName"> <a class="detLink" href="https://tpb.party/torrent/36785043/Akudama_Drive_-_04_(v0)(720p)-Erai-raws[TGx]" title="Details for Akudama Drive - 04 (v0)(720p)-Erai-raws[TGx]">Akudama Drive - 04 (v0)(720p)-Erai-raws[TGx]</a>
</div>
<div class="detName"> <a class="detLink" href="https://tpb.party/torrent/36691089/Akudama_Drive_-_02_(v0)(720p)-Erai-raws[TGx]" title="Details for Akudama Drive - 02 (v0)(720p)-Erai-raws[TGx]">Akudama Drive - 02 (v0)(720p)-Erai-raws[TGx]</a>
</div>
<div class="detName"> <a class="detLink" href="https://tpb.party/torrent/36668655/Akudama_Drive_-_01_(v0)(720p)-Erai-raws[TGx]" title="Details for Akudama Drive - 01 (v0)(720p)-Erai-raws[TGx]">Akudama Drive - 01 (v0)(720p)-Erai-raws[TGx]</a>
</div>
<div class="detName"> <a class="detLink" href="https://tpb.party/torrent/36669348/Akudama_Drive_-_01_(720p)-Erai-raws[TGx]" title="Details for Akudama Drive - 01 (720p)-Erai-raws[TGx]">Akudama Drive - 01 (720p)-Erai-raws[TGx]</a>
</div>
<div class="detName"> <a class="detLink" href="https://tpb.party/torrent/36691090/Akudama_Drive_-_02_(v0)(540p)-Erai-raws[TGx]" title="Details for Akudama Drive - 02 (v0)(540p)-Erai-raws[TGx]">Akudama Drive - 02 (v0)(540p)-Erai-raws[TGx]</a>
</div>
<div class="detName"> <a class="detLink" href="https://tpb.party/torrent/36728937/Akudama_Drive_-_03_(v0)(720p)-Erai-raws[TGx]" title="Details for Akudama Drive - 03 (v0)(720p)-Erai-raws[TGx]">Akudama Drive - 03 (v0)(720p)-Erai-raws[TGx]</a>
</div>
<div class="detName"> <a class="detLink" href="https://tpb.party/torrent/36728934/Akudama_Drive_-_03_(v0)(540p)-Erai-raws[TGx]" title="Details for Akudama Drive - 03 (v0)(540p)-Erai-raws[TGx]">Akudama Drive - 03 (v0)(540p)-Erai-raws[TGx]</a>
</div>
<div class="detName"> <a class="detLink" href="https://tpb.party/torrent/36693391/Akudama_Drive_-_02_(720p)-Erai-raws[TGx]" title="Details for Akudama Drive - 02 (720p)-Erai-raws[TGx]">Akudama Drive - 02 (720p)-Erai-raws[TGx]</a>
</div>
<div class="detName"> <a class="detLink" href="https://tpb.party/torrent/36792023/Akudama_Drive_-_04_(720p)-Erai-raws[TGx]" title="Details for Akudama Drive - 04 (720p)-Erai-raws[TGx]">Akudama Drive - 04 (720p)-Erai-raws[TGx]</a>
</div>
<div class="detName"> <a class="detLink" href="https://tpb.party/torrent/36785044/Akudama_Drive_-_04_(v0)(1080p)-Erai-raws[TGx]" title="Details for Akudama Drive - 04 (v0)(1080p)-Erai-raws[TGx]">Akudama Drive - 04 (v0)(1080p)-Erai-raws[TGx]</a>
</div>
<div class="detName"> <a class="detLink" href="https://tpb.party/torrent/36693392/Akudama_Drive_-_02_(540p)-Erai-raws[TGx]" title="Details for Akudama Drive - 02 (540p)-Erai-raws[TGx]">Akudama Drive - 02 (540p)-Erai-raws[TGx]</a>
</div>
<div class="detName"> <a class="detLink" href="https://tpb.party/torrent/36785048/Akudama_Drive_-_04_(v0)(540p)-Erai-raws[TGx]" title="Details for Akudama Drive - 04 (v0)(540p)-Erai-raws[TGx]">Akudama Drive - 04 (v0)(540p)-Erai-raws[TGx]</a>
</div>
<div class="detName"> <a class="detLink" href="https://tpb.party/torrent/36669347/Akudama_Drive_-_01_(540p)-Erai-raws[TGx]" title="Details for Akudama Drive - 01 (540p)-Erai-raws[TGx]">Akudama Drive - 01 (540p)-Erai-raws[TGx]</a>
</div>
<div class="detName"> <a class="detLink" href="https://tpb.party/torrent/36737457/Akudama_Drive_-_03_(720p)-Erai-raws[TGx]" title="Details for Akudama Drive - 03 (720p)-Erai-raws[TGx]">Akudama Drive - 03 (720p)-Erai-raws[TGx]</a>
</div>
<div class="detName"> <a class="detLink" href="https://tpb.party/torrent/36668654/Akudama_Drive_-_01_(v0)(540p)-Erai-raws[TGx]" title="Details for Akudama Drive - 01 (v0)(540p)-Erai-raws[TGx]">Akudama Drive - 01 (v0)(540p)-Erai-raws[TGx]</a>
</div>
<div class="detName"> <a class="detLink" href="https://tpb.party/torrent/36792030/Akudama_Drive_-_04_(540p)-Erai-raws[TGx]" title="Details for Akudama Drive - 04 (540p)-Erai-raws[TGx]">Akudama Drive - 04 (540p)-Erai-raws[TGx]</a>
</div>
<div class="detName"> <a class="detLink" href="https://tpb.party/torrent/36792035/Akudama_Drive_-_04_(1080p)-Erai-raws[TGx]" title="Details for Akudama Drive - 04 (1080p)-Erai-raws[TGx]">Akudama Drive - 04 (1080p)-Erai-raws[TGx]</a>
</div>
<div class="detName"> <a class="detLink" href="https://tpb.party/torrent/36737458/Akudama_Drive_-_03_(540p)-Erai-raws[TGx]" title="Details for Akudama Drive - 03 (540p)-Erai-raws[TGx]">Akudama Drive - 03 (540p)-Erai-raws[TGx]</a>
</div>
SEARCH ENGINE: ['Tpb'], NAME: akudama drive,COUNT: 20
Starting new HTTPS connection (1): tpb.party:443
https://tpb.party:443 "GET / HTTP/1.1" 200 None
https://tpb.party:443 "GET /search/akudama%20drive/1/99/0 HTTP/1.1" 200 None
<div class="detName"> <a class="detLink" href="https://tpb.party/torrent/36785043/Akudama_Drive_-_04_(v0)(720p)-Erai-raws[TGx]" title="Details for Akudama Drive - 04 (v0)(720p)-Erai-raws[TGx]">Akudama Drive - 04 (v0)(720p)-Erai-raws[TGx]</a>
</div>
<div class="detName"> <a class="detLink" href="https://tpb.party/torrent/36691089/Akudama_Drive_-_02_(v0)(720p)-Erai-raws[TGx]" title="Details for Akudama Drive - 02 (v0)(720p)-Erai-raws[TGx]">Akudama Drive - 02 (v0)(720p)-Erai-raws[TGx]</a>
</div>
<div class="detName"> <a class="detLink" href="https://tpb.party/torrent/36668655/Akudama_Drive_-_01_(v0)(720p)-Erai-raws[TGx]" title="Details for Akudama Drive - 01 (v0)(720p)-Erai-raws[TGx]">Akudama Drive - 01 (v0)(720p)-Erai-raws[TGx]</a>
</div>
<div class="detName"> <a class="detLink" href="https://tpb.party/torrent/36669348/Akudama_Drive_-_01_(720p)-Erai-raws[TGx]" title="Details for Akudama Drive - 01 (720p)-Erai-raws[TGx]">Akudama Drive - 01 (720p)-Erai-raws[TGx]</a>
</div>
<div class="detName"> <a class="detLink" href="https://tpb.party/torrent/36691090/Akudama_Drive_-_02_(v0)(540p)-Erai-raws[TGx]" title="Details for Akudama Drive - 02 (v0)(540p)-Erai-raws[TGx]">Akudama Drive - 02 (v0)(540p)-Erai-raws[TGx]</a>
</div>
<div class="detName"> <a class="detLink" href="https://tpb.party/torrent/36728937/Akudama_Drive_-_03_(v0)(720p)-Erai-raws[TGx]" title="Details for Akudama Drive - 03 (v0)(720p)-Erai-raws[TGx]">Akudama Drive - 03 (v0)(720p)-Erai-raws[TGx]</a>
</div>
<div class="detName"> <a class="detLink" href="https://tpb.party/torrent/36728934/Akudama_Drive_-_03_(v0)(540p)-Erai-raws[TGx]" title="Details for Akudama Drive - 03 (v0)(540p)-Erai-raws[TGx]">Akudama Drive - 03 (v0)(540p)-Erai-raws[TGx]</a>
</div>
<div class="detName"> <a class="detLink" href="https://tpb.party/torrent/36693391/Akudama_Drive_-_02_(720p)-Erai-raws[TGx]" title="Details for Akudama Drive - 02 (720p)-Erai-raws[TGx]">Akudama Drive - 02 (720p)-Erai-raws[TGx]</a>
</div>
<div class="detName"> <a class="detLink" href="https://tpb.party/torrent/36792023/Akudama_Drive_-_04_(720p)-Erai-raws[TGx]" title="Details for Akudama Drive - 04 (720p)-Erai-raws[TGx]">Akudama Drive - 04 (720p)-Erai-raws[TGx]</a>
</div>
<div class="detName"> <a class="detLink" href="https://tpb.party/torrent/36785044/Akudama_Drive_-_04_(v0)(1080p)-Erai-raws[TGx]" title="Details for Akudama Drive - 04 (v0)(1080p)-Erai-raws[TGx]">Akudama Drive - 04 (v0)(1080p)-Erai-raws[TGx]</a>
</div>
<div class="detName"> <a class="detLink" href="https://tpb.party/torrent/36693392/Akudama_Drive_-_02_(540p)-Erai-raws[TGx]" title="Details for Akudama Drive - 02 (540p)-Erai-raws[TGx]">Akudama Drive - 02 (540p)-Erai-raws[TGx]</a>
</div>
<div class="detName"> <a class="detLink" href="https://tpb.party/torrent/36785048/Akudama_Drive_-_04_(v0)(540p)-Erai-raws[TGx]" title="Details for Akudama Drive - 04 (v0)(540p)-Erai-raws[TGx]">Akudama Drive - 04 (v0)(540p)-Erai-raws[TGx]</a>
</div>
<div class="detName"> <a class="detLink" href="https://tpb.party/torrent/36669347/Akudama_Drive_-_01_(540p)-Erai-raws[TGx]" title="Details for Akudama Drive - 01 (540p)-Erai-raws[TGx]">Akudama Drive - 01 (540p)-Erai-raws[TGx]</a>
</div>
<div class="detName"> <a class="detLink" href="https://tpb.party/torrent/36737457/Akudama_Drive_-_03_(720p)-Erai-raws[TGx]" title="Details for Akudama Drive - 03 (720p)-Erai-raws[TGx]">Akudama Drive - 03 (720p)-Erai-raws[TGx]</a>
</div>
<div class="detName"> <a class="detLink" href="https://tpb.party/torrent/36668654/Akudama_Drive_-_01_(v0)(540p)-Erai-raws[TGx]" title="Details for Akudama Drive - 01 (v0)(540p)-Erai-raws[TGx]">Akudama Drive - 01 (v0)(540p)-Erai-raws[TGx]</a>
</div>
<div class="detName"> <a class="detLink" href="https://tpb.party/torrent/36792030/Akudama_Drive_-_04_(540p)-Erai-raws[TGx]" title="Details for Akudama Drive - 04 (540p)-Erai-raws[TGx]">Akudama Drive - 04 (540p)-Erai-raws[TGx]</a>
</div>
<div class="detName"> <a class="detLink" href="https://tpb.party/torrent/36792035/Akudama_Drive_-_04_(1080p)-Erai-raws[TGx]" title="Details for Akudama Drive - 04 (1080p)-Erai-raws[TGx]">Akudama Drive - 04 (1080p)-Erai-raws[TGx]</a>
</div>
<div class="detName"> <a class="detLink" href="https://tpb.party/torrent/36737458/Akudama_Drive_-_03_(540p)-Erai-raws[TGx]" title="Details for Akudama Drive - 03 (540p)-Erai-raws[TGx]">Akudama Drive - 03 (540p)-Erai-raws[TGx]</a>
</div>
SEARCH ENGINE: ['Tpb'], NAME: belle delphine,COUNT: 20
Starting new HTTPS connection (1): tpb.party:443
https://tpb.party:443 "GET / HTTP/1.1" 200 None
https://tpb.party:443 "GET /search/belle%20delphine/1/99/0 HTTP/1.1" 200 None
<div class="detName"> <a class="detLink" href="https://tpb.party/torrent/38677046/OnlyFans_-_Belle_Delphine_-_Compilation_-_3_Videos_-_All_Sex" title="Details for OnlyFans - Belle Delphine - Compilation - 3 Videos - All Sex">OnlyFans - Belle Delphine - Compilation - 3 Videos - All Sex</a>
</div>
<div class="detName"> <a class="detLink" href="https://tpb.party/torrent/38961424/Belle_Delphine_Christmas_Onlyfans_Porn_Video" title="Details for Belle Delphine Christmas Onlyfans Porn Video">Belle Delphine Christmas Onlyfans Porn Video</a>
</div>
<div class="detName"> <a class="detLink" href="https://tpb.party/torrent/34030703/Belle_Delphine_Nude_And_Sexy_(193_Photos)" title="Details for Belle Delphine Nude And Sexy (193 Photos)">Belle Delphine Nude And Sexy (193 Photos)</a>
</div>
<div class="detName"> <a class="detLink" href="https://tpb.party/torrent/36206605/Belle_Delphine_Collection_2018" title="Details for Belle Delphine Collection 2018">Belle Delphine Collection 2018</a>
</div>
<div class="detName"> <a class="detLink" href="https://tpb.party/torrent/34968203/BELLE_DELPHINE_WILL_MAKE_YOU_CUM_SD" title="Details for BELLE DELPHINE WILL MAKE YOU CUM SD">BELLE DELPHINE WILL MAKE YOU CUM SD</a>
</div>
<div class="detName"> <a class="detLink" href="https://tpb.party/torrent/34189664/Belle_Delphine_-_Instagram_(The_Complete_Collection)" title="Details for Belle Delphine - Instagram (The Complete Collection)">Belle Delphine - Instagram (The Complete Collection)</a>
</div>
